
Showing logs for build [32mcb-kubecd-environment-pr-242-9-z6tfw-1[0m stage [32mfrom-build-pack[0m and container [32mstep-credential-initializer-n8r6m[0m
{"level":"info","ts":1593052880.7700462,"logger":"fallback-logger","caller":"logging/config.go:69","msg":"Fetch GitHub commit ID from kodata failed: open /var/run/ko/refs/heads/0.8.0-ns-support: no such file or directory"}
{"level":"info","ts":1593052880.771017,"logger":"fallback-logger","caller":"creds-init/main.go:40","msg":"Credentials initialized."}

Showing logs for build [32mcb-kubecd-environment-pr-242-9-z6tfw-1[0m stage [32mfrom-build-pack[0m and container [32mstep-working-dir-initializer-4gd5r[0m
{"level":"info","ts":1593052882.1442049,"logger":"fallback-logger","caller":"logging/config.go:69","msg":"Fetch GitHub commit ID from kodata failed: open /var/run/ko/HEAD: no such file or directory"}
{"level":"info","ts":1593052882.1455572,"logger":"fallback-logger","caller":"bash/main.go:64","msg":"Successfully executed command \"sh -c mkdir -p /workspace/source\"; output "}

Showing logs for build [32mcb-kubecd-environment-pr-242-9-z6tfw-1[0m stage [32mfrom-build-pack[0m and container [32mstep-place-tools[0m

Showing logs for build [32mcb-kubecd-environment-pr-242-9-z6tfw-1[0m stage [32mfrom-build-pack[0m and container [32mstep-git-source-cb-kubecd-environment-pr-242-9-z6tfw-bnltv[0m
{"level":"info","ts":1593052887.2874403,"logger":"fallback-logger","caller":"logging/config.go:69","msg":"Fetch GitHub commit ID from kodata failed: open /var/run/ko/refs/heads/0.8.0-ns-support: no such file or directory"}
{"level":"info","ts":1593052888.344144,"logger":"fallback-logger","caller":"git/git.go:103","msg":"Successfully cloned https://github.com/cb-kubecd/environment-pr-242-9-boot-gke-production.git @ master in path /workspace/source"}

Showing logs for build [32mcb-kubecd-environment-pr-242-9-z6tfw-1[0m stage [32mfrom-build-pack[0m and container [32mstep-git-merge[0m
Using SHAs from PULL_REFS=master:24a24baf26b920c453b332a2b8aba76e68df2989,1:77e323a34783b8f3147008e8b0f57880b2972587
DEBUG: LC_ALL=C JX_LOG_LEVEL=error git fetch origin --unshallow 77e323a34783b8f3147008e8b0f57880b2972587: 24a24baf26b920c453b332a2b8aba76e68df2989:
DEBUG: ran git fetch --unshallow origin 77e323a34783b8f3147008e8b0f57880b2972587: 24a24baf26b920c453b332a2b8aba76e68df2989: in 
DEBUG: LC_ALL=C JX_LOG_LEVEL=error git branch
DEBUG: JX_LOG_LEVEL=error LC_ALL=C git checkout master
DEBUG: ran git checkout master in 
DEBUG: LC_ALL=C JX_LOG_LEVEL=error git reset --hard 24a24baf26b920c453b332a2b8aba76e68df2989
DEBUG: ran git reset --hard 24a24baf26b920c453b332a2b8aba76e68df2989 in 
DEBUG: LC_ALL=C JX_LOG_LEVEL=error git clean -fd .
DEBUG: ran clean --force -d . in 
DEBUG: LC_ALL=C JX_LOG_LEVEL=error git merge 77e323a34783b8f3147008e8b0f57880b2972587
DEBUG: ran git merge 77e323a34783b8f3147008e8b0f57880b2972587 in 
DEBUG: LC_ALL=C JX_LOG_LEVEL=error git log --format=%H%x1f%an%x1f%ae%x1f%cn%x1f%ce%x1f%s%n%b%x1e 24a24baf26b920c453b332a2b8aba76e68df2989..HEAD
Merged SHA 77e323a34783b8f3147008e8b0f57880b2972587 with commit message 'chore: Promote bdd-spring-1593051801 to version 0.0.1' into base branch master

Showing logs for build [32mcb-kubecd-environment-pr-242-9-z6tfw-1[0m stage [32mfrom-build-pack[0m and container [32mstep-build-helm-build[0m
WARNING: No $CHART_REPOSITORY defined so using the default value of: http://jenkins-x-chartmuseum:8080
Adding missing Helm repo: storage.googleapis.com https://storage.googleapis.com/chartmuseum.jenkins-x.io
WARNING: No secrets found on "helm/repos" due: reading the secret "helm/repos" from vault: no secret "helm/repos" not found in vault
Read credentials for https://storage.googleapis.com/chartmuseum.jenkins-x.io from vault helm/repos
Successfully added Helm repository storage.googleapis.com.
Adding missing Helm repo: jenkins-x-chartmuseum http://jenkins-x-chartmuseum:8080
WARNING: No secrets found on "helm/repos" due: reading the secret "helm/repos" from vault: no secret "helm/repos" not found in vault
Read credentials for http://jenkins-x-chartmuseum:8080 from vault helm/repos
Successfully added Helm repository jenkins-x-chartmuseum.
WARNING: No $CHART_REPOSITORY defined so using the default value of: http://jenkins-x-chartmuseum:8080
Adding missing Helm repo: chartmuseum.jenkins-x.io http://chartmuseum.jenkins-x.io
WARNING: No secrets found on "helm/repos" due: reading the secret "helm/repos" from vault: no secret "helm/repos" not found in vault
Read credentials for http://chartmuseum.jenkins-x.io from vault helm/repos
Successfully added Helm repository chartmuseum.jenkins-x.io.
